mode: set
concurrency/cmd/web/main.go:26.13,66.2 11 0
concurrency/cmd/web/main.go:68.38,69.6 1 0
concurrency/cmd/web/main.go:69.6,70.10 1 0
concurrency/cmd/web/main.go:71.31,72.29 1 0
concurrency/cmd/web/main.go:73.28,74.10 1 0
concurrency/cmd/web/main.go:79.28,88.16 4 0
concurrency/cmd/web/main.go:88.16,90.3 1 0
concurrency/cmd/web/main.go:94.23,96.17 2 0
concurrency/cmd/web/main.go:99.2,99.13 1 0
concurrency/cmd/web/main.go:96.17,98.3 1 0
concurrency/cmd/web/main.go:104.28,109.6 3 0
concurrency/cmd/web/main.go:109.6,111.17 2 0
concurrency/cmd/web/main.go:118.3,118.18 1 0
concurrency/cmd/web/main.go:122.3,126.11 4 0
concurrency/cmd/web/main.go:111.17,113.4 1 0
concurrency/cmd/web/main.go:113.9,116.4 2 0
concurrency/cmd/web/main.go:118.18,120.4 1 0
concurrency/cmd/web/main.go:132.42,134.16 2 0
concurrency/cmd/web/main.go:138.2,139.16 2 0
concurrency/cmd/web/main.go:143.2,143.16 1 0
concurrency/cmd/web/main.go:134.16,136.3 1 0
concurrency/cmd/web/main.go:139.16,141.3 1 0
concurrency/cmd/web/main.go:147.40,159.2 8 0
concurrency/cmd/web/main.go:163.30,166.36 1 0
concurrency/cmd/web/main.go:171.2,171.18 1 0
concurrency/cmd/web/main.go:166.36,168.4 1 0
concurrency/cmd/web/main.go:174.40,180.2 5 0
concurrency/cmd/web/main.go:182.31,198.2 10 0
concurrency/cmd/web/main.go:200.38,220.2 5 0
concurrency/cmd/web/render.go:26.95,38.29 4 1
concurrency/cmd/web/render.go:42.2,42.15 1 1
concurrency/cmd/web/render.go:46.2,47.16 2 1
concurrency/cmd/web/render.go:53.2,53.67 1 1
concurrency/cmd/web/render.go:38.29,40.3 1 1
concurrency/cmd/web/render.go:42.15,44.3 1 1
concurrency/cmd/web/render.go:47.16,51.3 3 0
concurrency/cmd/web/render.go:53.67,57.3 3 0
concurrency/cmd/web/render.go:60.84,64.28 4 1
concurrency/cmd/web/render.go:73.2,75.11 2 1
concurrency/cmd/web/render.go:64.28,67.10 3 1
concurrency/cmd/web/render.go:67.10,69.4 1 0
concurrency/cmd/web/render.go:69.9,71.4 1 1
concurrency/cmd/web/render.go:78.58,80.2 1 1
concurrency/cmd/web/routes.go:10.42,31.2 12 1
concurrency/cmd/web/routes.go:33.46,41.2 5 1
concurrency/cmd/web/middleware.go:5.64,7.2 1 1
concurrency/cmd/web/middleware.go:9.57,10.71 1 1
concurrency/cmd/web/middleware.go:10.71,11.49 1 0
concurrency/cmd/web/middleware.go:16.3,16.23 1 0
concurrency/cmd/web/middleware.go:11.49,15.4 3 0
concurrency/cmd/web/signer.go:16.21,18.2 1 0
concurrency/cmd/web/signer.go:21.50,25.33 3 0
concurrency/cmd/web/signer.go:31.2,34.14 3 0
concurrency/cmd/web/signer.go:25.33,27.3 1 0
concurrency/cmd/web/signer.go:27.8,29.3 1 0
concurrency/cmd/web/signer.go:38.37,42.16 3 0
concurrency/cmd/web/signer.go:48.2,48.13 1 0
concurrency/cmd/web/signer.go:42.16,46.3 1 0
concurrency/cmd/web/signer.go:53.57,59.2 3 0
concurrency/cmd/web/handlers.go:18.69,20.2 1 1
concurrency/cmd/web/handlers.go:22.70,24.2 1 1
concurrency/cmd/web/handlers.go:26.74,31.16 3 1
concurrency/cmd/web/handlers.go:36.2,40.16 4 1
concurrency/cmd/web/handlers.go:47.2,48.16 2 1
concurrency/cmd/web/handlers.go:55.2,55.20 1 1
concurrency/cmd/web/handlers.go:69.2,75.47 4 1
concurrency/cmd/web/handlers.go:31.16,33.3 1 0
concurrency/cmd/web/handlers.go:40.16,44.3 3 0
concurrency/cmd/web/handlers.go:48.16,53.3 4 0
concurrency/cmd/web/handlers.go:55.20,66.3 5 0
concurrency/cmd/web/handlers.go:78.67,84.2 3 0
concurrency/cmd/web/handlers.go:86.73,88.2 1 0
concurrency/cmd/web/handlers.go:90.77,92.16 2 0
concurrency/cmd/web/handlers.go:99.2,109.16 3 0
concurrency/cmd/web/handlers.go:116.2,130.52 7 0
concurrency/cmd/web/handlers.go:92.16,94.3 1 0
concurrency/cmd/web/handlers.go:109.16,113.3 3 0
concurrency/cmd/web/handlers.go:133.76,139.11 4 0
concurrency/cmd/web/handlers.go:146.2,147.16 2 0
concurrency/cmd/web/handlers.go:153.2,155.16 3 0
concurrency/cmd/web/handlers.go:161.2,162.52 2 0
concurrency/cmd/web/handlers.go:139.11,143.3 3 0
concurrency/cmd/web/handlers.go:147.16,151.3 3 0
concurrency/cmd/web/handlers.go:155.16,159.3 3 0
concurrency/cmd/web/handlers.go:165.75,170.16 3 1
concurrency/cmd/web/handlers.go:175.2,176.16 2 1
concurrency/cmd/web/handlers.go:183.2,184.9 2 1
concurrency/cmd/web/handlers.go:191.2,193.12 2 1
concurrency/cmd/web/handlers.go:212.2,213.12 2 1
concurrency/cmd/web/handlers.go:236.2,237.16 2 1
concurrency/cmd/web/handlers.go:243.2,244.16 2 1
concurrency/cmd/web/handlers.go:250.2,254.60 3 1
concurrency/cmd/web/handlers.go:170.16,172.3 1 0
concurrency/cmd/web/handlers.go:176.16,180.3 3 0
concurrency/cmd/web/handlers.go:184.9,188.3 3 0
concurrency/cmd/web/handlers.go:193.12,197.17 3 1
concurrency/cmd/web/handlers.go:201.3,208.21 2 1
concurrency/cmd/web/handlers.go:197.17,199.4 1 0
concurrency/cmd/web/handlers.go:213.12,218.17 4 1
concurrency/cmd/web/handlers.go:223.3,232.21 2 1
concurrency/cmd/web/handlers.go:218.17,221.4 2 0
concurrency/cmd/web/handlers.go:237.16,241.3 3 0
concurrency/cmd/web/handlers.go:244.16,248.3 3 0
concurrency/cmd/web/handlers.go:257.78,280.2 14 1
concurrency/cmd/web/handlers.go:282.77,284.2 1 1
concurrency/cmd/web/handlers.go:286.79,288.16 2 0
concurrency/cmd/web/handlers.go:293.2,298.4 3 0
concurrency/cmd/web/handlers.go:288.16,291.3 2 0
concurrency/cmd/web/helpers.go:3.43,6.2 2 1
concurrency/cmd/web/mailer.go:41.36,42.6 1 0
concurrency/cmd/web/mailer.go:42.6,43.10 1 0
concurrency/cmd/web/mailer.go:44.39,45.53 1 0
concurrency/cmd/web/mailer.go:46.38,47.29 1 0
concurrency/cmd/web/mailer.go:48.30,49.10 1 0
concurrency/cmd/web/mailer.go:54.60,57.24 2 0
concurrency/cmd/web/mailer.go:61.2,61.20 1 0
concurrency/cmd/web/mailer.go:65.2,65.24 1 0
concurrency/cmd/web/mailer.go:69.2,69.30 1 0
concurrency/cmd/web/mailer.go:77.2,77.27 1 0
concurrency/cmd/web/mailer.go:81.2,85.16 3 0
concurrency/cmd/web/mailer.go:90.2,91.16 2 0
concurrency/cmd/web/mailer.go:95.2,106.16 11 0
concurrency/cmd/web/mailer.go:110.2,116.30 5 0
concurrency/cmd/web/mailer.go:122.2,122.32 1 0
concurrency/cmd/web/mailer.go:128.2,129.16 2 0
concurrency/cmd/web/mailer.go:57.24,59.3 1 0
concurrency/cmd/web/mailer.go:61.20,63.3 1 0
concurrency/cmd/web/mailer.go:65.24,67.3 1 0
concurrency/cmd/web/mailer.go:69.30,71.3 1 0
concurrency/cmd/web/mailer.go:77.27,79.3 1 0
concurrency/cmd/web/mailer.go:85.16,87.3 1 0
concurrency/cmd/web/mailer.go:91.16,93.3 1 0
concurrency/cmd/web/mailer.go:106.16,108.3 1 0
concurrency/cmd/web/mailer.go:116.30,117.37 1 0
concurrency/cmd/web/mailer.go:117.37,119.4 1 0
concurrency/cmd/web/mailer.go:122.32,123.45 1 0
concurrency/cmd/web/mailer.go:123.45,125.4 1 0
concurrency/cmd/web/mailer.go:129.16,131.3 1 0
concurrency/cmd/web/mailer.go:134.62,138.16 3 0
concurrency/cmd/web/mailer.go:142.2,143.68 2 0
concurrency/cmd/web/mailer.go:147.2,149.16 3 0
concurrency/cmd/web/mailer.go:153.2,153.30 1 0
concurrency/cmd/web/mailer.go:138.16,140.3 1 0
concurrency/cmd/web/mailer.go:143.68,145.3 1 0
concurrency/cmd/web/mailer.go:149.16,151.3 1 0
concurrency/cmd/web/mailer.go:156.67,160.16 3 0
concurrency/cmd/web/mailer.go:164.2,165.68 2 0
concurrency/cmd/web/mailer.go:169.2,171.26 2 0
concurrency/cmd/web/mailer.go:160.16,162.3 1 0
concurrency/cmd/web/mailer.go:165.68,167.3 1 0
concurrency/cmd/web/mailer.go:174.52,182.16 3 0
concurrency/cmd/web/mailer.go:186.2,187.16 2 0
concurrency/cmd/web/mailer.go:191.2,191.18 1 0
concurrency/cmd/web/mailer.go:182.16,184.3 1 0
concurrency/cmd/web/mailer.go:187.16,189.3 1 0
concurrency/cmd/web/mailer.go:194.56,195.11 1 0
concurrency/cmd/web/mailer.go:196.13,197.33 1 0
concurrency/cmd/web/mailer.go:198.13,199.31 1 0
concurrency/cmd/web/mailer.go:200.14,201.29 1 0
concurrency/cmd/web/mailer.go:202.10,203.33 1 0
